<?xml version="1.0" encoding="UTF-8"?>
<!-- Generated by org.testng.reporters.JUnitReportReporter -->
<testsuite hostname="CPX-45RFQZE4PBC" name="com.org.learningMaven.HelloWorldTest" tests="1" failures="0" timestamp="3 Nov 2017 07:05:59 GMT" time="15.112" errors="0">
  <testcase name="Login" time="15.112" classname="com.org.learningMaven.HelloWorldTest"/>
</testsuite> <!-- com.org.learningMaven.HelloWorldTest -->
