<?xml version="1.0" encoding="UTF-8"?>
<!-- Generated by org.testng.reporters.JUnitReportReporter -->
<testsuite skipped="0" hostname="CPX-45RFQZE4PBC" name="com.org.learningMaven.HelloWorldTest" tests="1" failures="0" timestamp="30 Oct 2017 08:16:04 GMT" time="11.465" errors="0">
  <testcase name="Login" time="11.465" classname="com.org.learningMaven.HelloWorldTest"/>
</testsuite> <!-- com.org.learningMaven.HelloWorldTest -->
